[17:44:52] [ServerMain/INFO]: Environment: Environment[sessionHost=https://sessionserver.mojang.com, servicesHost=https://api.minecraftservices.com, name=PROD]
[17:44:53] [ServerMain/INFO]: No existing world data, creating new world
[17:44:54] [ServerMain/INFO]: Loaded 1290 recipes
[17:44:54] [ServerMain/INFO]: Loaded 1399 advancements
[17:44:55] [Server thread/INFO]: Starting minecraft server version 1.21
[17:44:55] [Server thread/INFO]: Loading properties
[17:44:55] [Server thread/INFO]: Default game type: SURVIVAL
[17:44:55] [Server thread/INFO]: Generating keypair
[17:44:55] [Server thread/INFO]: Starting Minecraft server on *:25565
[17:44:55] [Server thread/INFO]: Using epoll channel type
[17:44:55] [Server thread/WARN]: **** SERVER IS RUNNING IN OFFLINE/INSECURE MODE!
[17:44:55] [Server thread/WARN]: The server will make no attempt to authenticate usernames. Beware.
[17:44:55] [Server thread/WARN]: While this makes the game possible to play without internet access, it also opens up the ability for hackers to connect with any username they choose.
[17:44:55] [Server thread/WARN]: To change this, set "online-mode" to "true" in the server.properties file.
[17:44:55] [Server thread/INFO]: Preparing level "world"
[17:45:01] [Server thread/INFO]: Preparing start region for dimension minecraft:overworld
[17:45:01] [Worker-Main-3/INFO]: Preparing spawn area: 2%
[17:45:02] [Worker-Main-1/INFO]: Preparing spawn area: 2%
[17:45:02] [Worker-Main-2/INFO]: Preparing spawn area: 2%
[17:45:03] [Worker-Main-2/INFO]: Preparing spawn area: 2%
[17:45:03] [Worker-Main-3/INFO]: Preparing spawn area: 2%
[17:45:04] [Worker-Main-3/INFO]: Preparing spawn area: 18%
[17:45:04] [Worker-Main-2/INFO]: Preparing spawn area: 18%
[17:45:05] [Worker-Main-3/INFO]: Preparing spawn area: 18%
[17:45:05] [Worker-Main-3/INFO]: Preparing spawn area: 18%
[17:45:06] [Worker-Main-3/INFO]: Preparing spawn area: 40%
[17:45:07] [Worker-Main-2/INFO]: Preparing spawn area: 51%
[17:45:07] [Worker-Main-2/INFO]: Preparing spawn area: 51%
[17:45:07] [Worker-Main-2/INFO]: Preparing spawn area: 51%
[17:45:08] [Worker-Main-2/INFO]: Preparing spawn area: 51%
[17:45:08] [Server thread/INFO]: Time elapsed: 6931 ms
[17:45:08] [Server thread/INFO]: Done (13.116s)! For help, type "help"
